#
# An unexpected error has occurred (11)
#
Stack:
/opt/Xilinx/Vivado/2021.2/tps/lnx64/jre11.0.11_9/lib//server/libjvm.so(+0xbefecb) [0x7fa4a32a4ecb]
/opt/Xilinx/Vivado/2021.2/tps/lnx64/jre11.0.11_9/lib//server/libjvm.so(JVM_handle_linux_signal+0xd1) [0x7fa4a32abc81]
/opt/Xilinx/Vivado/2021.2/tps/lnx64/jre11.0.11_9/lib//server/libjvm.so(+0xbead23) [0x7fa4a329fd23]
/opt/Xilinx/Vivado/2021.2/tps/lnx64/javafx-sdk-11.0.2/lib/libjfxwebkit.so(+0x205ae18) [0x7fa428e9be18]
/lib64/libc.so.6(+0x4eb50) [0x7fa50d934b50]
/opt/Xilinx/Vivado/2021.2/lib/lnx64.o/librdi_labtools.so(LTDHWWaveManager::getWave(std::__cxx11::basic_string<char, std::char_traits<char>, std::allocator<char> > const&)+0x30) [0x7fa4abad0070]
/opt/Xilinx/Vivado/2021.2/lib/lnx64.o/librdi_labtools.so(LTDHWIla::isWaveformOpen() const+0x9) [0x7fa4ab9ef879]
/opt/Xilinx/Vivado/2021.2/lib/lnx64.o/librdi_labtools.so(LTDHWDevice::refreshXsdbProbes(bool, LTDHWWaveManager*, HDDCProbeManager*, boost::shared_ptr<HDDCProbeCopyGroup>, LTDPerformanceTimer*)+0x2f4) [0x7fa4ab963ba4]
/opt/Xilinx/Vivado/2021.2/lib/lnx64.o/librdi_labtoolstasks.so(+0x6a47a7) [0x7fa47a1237a7]
/opt/Xilinx/Vivado/2021.2/lib/lnx64.o/librdi_common.so(+0xa80712) [0x7fa50eed7712]
/opt/Xilinx/Vivado/2021.2/lib/lnx64.o/libtcl8.5.so(+0x3356f) [0x7fa508b9f56f]
/opt/Xilinx/Vivado/2021.2/lib/lnx64.o/libtcl8.5.so(+0x76945) [0x7fa508be2945]
/opt/Xilinx/Vivado/2021.2/lib/lnx64.o/libtcl8.5.so(+0x7e0f9) [0x7fa508bea0f9]
/opt/Xilinx/Vivado/2021.2/lib/lnx64.o/libtcl8.5.so(TclEvalObjEx+0x76) [0x7fa508ba1216]
/opt/Xilinx/Vivado/2021.2/lib/lnx64.o/librdi_common.so(+0xa7efff) [0x7fa50eed5fff]
/opt/Xilinx/Vivado/2021.2/lib/lnx64.o/libtcl8.5.so(Tcl_ServiceEvent+0x7f) [0x7fa508c13bef]
/opt/Xilinx/Vivado/2021.2/lib/lnx64.o/libtcl8.5.so(Tcl_DoOneEvent+0x154) [0x7fa508c13f24]
/opt/Xilinx/Vivado/2021.2/lib/lnx64.o/librdi_commontasks.so(+0x24aa85) [0x7fa4f4f68a85]
/opt/Xilinx/Vivado/2021.2/lib/lnx64.o/librdi_commontasks.so(+0x24dc6d) [0x7fa4f4f6bc6d]
/opt/Xilinx/Vivado/2021.2/lib/lnx64.o/librdi_commontasks.so(+0x24ed0e) [0x7fa4f4f6cd0e]
/opt/Xilinx/Vivado/2021.2/lib/lnx64.o/librdi_common.so(+0xa80712) [0x7fa50eed7712]
/opt/Xilinx/Vivado/2021.2/lib/lnx64.o/libtcl8.5.so(+0x3356f) [0x7fa508b9f56f]
/opt/Xilinx/Vivado/2021.2/lib/lnx64.o/libtcl8.5.so(+0x76945) [0x7fa508be2945]
/opt/Xilinx/Vivado/2021.2/lib/lnx64.o/libtcl8.5.so(+0x7e0f9) [0x7fa508bea0f9]
/opt/Xilinx/Vivado/2021.2/lib/lnx64.o/libtcl8.5.so(TclEvalObjEx+0x76) [0x7fa508ba1216]
/opt/Xilinx/Vivado/2021.2/lib/lnx64.o/librdi_commonmain.so(+0xce23) [0x7fa50e24de23]
/opt/Xilinx/Vivado/2021.2/lib/lnx64.o/libtcl8.5.so(Tcl_Main+0x1d0) [0x7fa508c0c2f0]
/opt/Xilinx/Vivado/2021.2/lib/lnx64.o/librdi_common.so(+0xac239b) [0x7fa50ef1939b]
/lib64/libpthread.so.0(+0x81ca) [0x7fa50d6ce1ca]
/lib64/libc.so.6(clone+0x43) [0x7fa50d91fe73]
